<?xml version="1.0" encoding="UTF-8"?>
<!-- Generated by org.testng.reporters.JUnitReportReporter -->
<testsuite hostname="DESKTOP-0I8AHN0" failures="0" tests="5" name="com.finansys.pageobject.stepdefinitions.TestRunnerOne" time="43.523" errors="0" timestamp="2022-09-30T17:21:45 WIB" skipped="0">
  <testcase classname="com.finansys.pageobject.stepdefinitions.TestRunnerOne" name="runScenario" time="11.747"/>
  <system-out/>
  <testcase classname="com.finansys.pageobject.stepdefinitions.TestRunnerOne" name="runScenario" time="5.662"/>
  <system-out/>
  <testcase classname="com.finansys.pageobject.stepdefinitions.TestRunnerOne" name="runScenario" time="1.180"/>
  <system-out/>
  <testcase classname="com.finansys.pageobject.stepdefinitions.TestRunnerOne" name="runScenario" time="22.534"/>
  <system-out/>
  <testcase classname="com.finansys.pageobject.stepdefinitions.TestRunnerOne" name="runScenario" time="2.400"/>
  <system-out/>
</testsuite> <!-- com.finansys.pageobject.stepdefinitions.TestRunnerOne -->
