<?xml version="1.0" encoding="UTF-8"?>
<!-- Generated by org.testng.reporters.JUnitReportReporter -->
<testsuite hostname="DESKTOP-0I8AHN0" failures="0" tests="5" name="com.finansys.pageobject.hooks.TestRunnerOne" time="42.983" errors="0" timestamp="2022-09-29T23:59:35 WIB" skipped="0">
  <testcase classname="com.finansys.pageobject.hooks.TestRunnerOne" name="runScenario" time="15.138"/>
  <system-out/>
  <testcase classname="com.finansys.pageobject.hooks.TestRunnerOne" name="runScenario" time="6.582"/>
  <system-out/>
  <testcase classname="com.finansys.pageobject.hooks.TestRunnerOne" name="runScenario" time="1.889"/>
  <system-out/>
  <testcase classname="com.finansys.pageobject.hooks.TestRunnerOne" name="runScenario" time="4.571"/>
  <system-out/>
  <testcase classname="com.finansys.pageobject.hooks.TestRunnerOne" name="runScenario" time="14.803"/>
  <system-out/>
</testsuite> <!-- com.finansys.pageobject.hooks.TestRunnerOne -->
